0 info it worked if it ends with ok
1 verbose cli [ '/usr/local/bin/node',
1 verbose cli   '/usr/local/bin/npm',
1 verbose cli   'install',
1 verbose cli   'node-neuroskyclear' ]
2 info using npm@2.15.1
3 info using node@v4.4.3
4 verbose install initial load of /Users/KevinYang/Desktop/greylock/node-express-mongoose/package.json
5 warn package.json node-express-mongoose@1.0.0 No license field.
6 verbose installManyTop reading scoped package data from /Users/KevinYang/Desktop/greylock/node-express-mongoose/node_modules/babel-eslint/package.json
7 verbose installManyTop reading scoped package data from /Users/KevinYang/Desktop/greylock/node-express-mongoose/node_modules/babel-preset-stage-0/package.json
8 verbose installManyTop reading scoped package data from /Users/KevinYang/Desktop/greylock/node-express-mongoose/node_modules/babel-tape-runner/package.json
9 verbose installManyTop reading scoped package data from /Users/KevinYang/Desktop/greylock/node-express-mongoose/node_modules/body-parser/package.json
10 verbose installManyTop reading scoped package data from /Users/KevinYang/Desktop/greylock/node-express-mongoose/node_modules/co/package.json
11 verbose installManyTop reading scoped package data from /Users/KevinYang/Desktop/greylock/node-express-mongoose/node_modules/compression/package.json
12 verbose installManyTop reading scoped package data from /Users/KevinYang/Desktop/greylock/node-express-mongoose/node_modules/connect-flash/package.json
13 verbose installManyTop reading scoped package data from /Users/KevinYang/Desktop/greylock/node-express-mongoose/node_modules/connect-mongo/package.json
14 verbose installManyTop reading scoped package data from /Users/KevinYang/Desktop/greylock/node-express-mongoose/node_modules/cookie-parser/package.json
15 verbose installManyTop reading scoped package data from /Users/KevinYang/Desktop/greylock/node-express-mongoose/node_modules/cookie-session/package.json
16 verbose installManyTop reading scoped package data from /Users/KevinYang/Desktop/greylock/node-express-mongoose/node_modules/cross-env/package.json
17 verbose installManyTop reading scoped package data from /Users/KevinYang/Desktop/greylock/node-express-mongoose/node_modules/csurf/package.json
18 verbose installManyTop reading scoped package data from /Users/KevinYang/Desktop/greylock/node-express-mongoose/node_modules/dotenv/package.json
19 verbose installManyTop reading scoped package data from /Users/KevinYang/Desktop/greylock/node-express-mongoose/node_modules/eslint/package.json
20 verbose installManyTop reading scoped package data from /Users/KevinYang/Desktop/greylock/node-express-mongoose/node_modules/express/package.json
21 verbose installManyTop reading scoped package data from /Users/KevinYang/Desktop/greylock/node-express-mongoose/node_modules/express-session/package.json
22 verbose installManyTop reading scoped package data from /Users/KevinYang/Desktop/greylock/node-express-mongoose/node_modules/forever/package.json
23 verbose installManyTop reading scoped package data from /Users/KevinYang/Desktop/greylock/node-express-mongoose/node_modules/jade/package.json
24 verbose installManyTop reading scoped package data from /Users/KevinYang/Desktop/greylock/node-express-mongoose/node_modules/method-override/package.json
25 verbose installManyTop reading scoped package data from /Users/KevinYang/Desktop/greylock/node-express-mongoose/node_modules/mongoose/package.json
26 verbose installManyTop reading scoped package data from /Users/KevinYang/Desktop/greylock/node-express-mongoose/node_modules/mongoose-user/package.json
27 verbose installManyTop reading scoped package data from /Users/KevinYang/Desktop/greylock/node-express-mongoose/node_modules/morgan/package.json
28 verbose installManyTop reading scoped package data from /Users/KevinYang/Desktop/greylock/node-express-mongoose/node_modules/nodemon/package.json
29 verbose installManyTop reading scoped package data from /Users/KevinYang/Desktop/greylock/node-express-mongoose/node_modules/passport/package.json
30 verbose installManyTop reading scoped package data from /Users/KevinYang/Desktop/greylock/node-express-mongoose/node_modules/passport-local/package.json
31 verbose installManyTop reading scoped package data from /Users/KevinYang/Desktop/greylock/node-express-mongoose/node_modules/supertest/package.json
32 verbose installManyTop reading scoped package data from /Users/KevinYang/Desktop/greylock/node-express-mongoose/node_modules/tape/package.json
33 verbose installManyTop reading scoped package data from /Users/KevinYang/Desktop/greylock/node-express-mongoose/node_modules/view-helpers/package.json
34 verbose installManyTop reading scoped package data from /Users/KevinYang/Desktop/greylock/node-express-mongoose/node_modules/winston/package.json
35 info package.json connect-mongo@1.2.1 No README data
36 info package.json passport@0.3.2 No README data
37 info package.json connect-flash@0.1.1 No license field.
38 info package.json passport-local@1.0.0 No license field.
39 verbose readDependencies loading dependencies from /Users/KevinYang/Desktop/greylock/node-express-mongoose/package.json
40 silly cache add args [ 'node-neuroskyclear', null ]
41 verbose cache add spec node-neuroskyclear
42 silly cache add parsed spec Result {
42 silly cache add   raw: 'node-neuroskyclear',
42 silly cache add   scope: null,
42 silly cache add   name: 'node-neuroskyclear',
42 silly cache add   rawSpec: '',
42 silly cache add   spec: 'latest',
42 silly cache add   type: 'tag' }
43 silly addNamed node-neuroskyclear@latest
44 verbose addNamed "latest" is being treated as a dist-tag for node-neuroskyclear
45 info addNameTag [ 'node-neuroskyclear', 'latest' ]
46 silly mapToRegistry name node-neuroskyclear
47 silly mapToRegistry using default registry
48 silly mapToRegistry registry https://registry.npmjs.org/
49 silly mapToRegistry data Result {
49 silly mapToRegistry   raw: 'node-neuroskyclear',
49 silly mapToRegistry   scope: null,
49 silly mapToRegistry   name: 'node-neuroskyclear',
49 silly mapToRegistry   rawSpec: '',
49 silly mapToRegistry   spec: 'latest',
49 silly mapToRegistry   type: 'tag' }
50 silly mapToRegistry uri https://registry.npmjs.org/node-neuroskyclear
51 verbose addNameTag registry:https://registry.npmjs.org/node-neuroskyclear not in flight; fetching
52 verbose request uri https://registry.npmjs.org/node-neuroskyclear
53 verbose request no auth needed
54 info attempt registry request try #1 at 11:36:53 AM
55 verbose request id fb3bd8719db11e85
56 http request GET https://registry.npmjs.org/node-neuroskyclear
57 http 404 https://registry.npmjs.org/node-neuroskyclear
58 verbose headers { 'content-type': 'application/json',
58 verbose headers   'cache-control': 'max-age=0',
58 verbose headers   'content-length': '2',
58 verbose headers   'accept-ranges': 'bytes',
58 verbose headers   date: 'Sat, 09 Jul 2016 18:36:54 GMT',
58 verbose headers   via: '1.1 varnish',
58 verbose headers   age: '0',
58 verbose headers   connection: 'keep-alive',
58 verbose headers   'x-served-by': 'cache-sea1922-SEA',
58 verbose headers   'x-cache': 'MISS',
58 verbose headers   'x-cache-hits': '0',
58 verbose headers   'x-timer': 'S1468089414.059115,VS0,VE175',
58 verbose headers   vary: 'Accept-Encoding' }
59 silly get cb [ 404,
59 silly get   { 'content-type': 'application/json',
59 silly get     'cache-control': 'max-age=0',
59 silly get     'content-length': '2',
59 silly get     'accept-ranges': 'bytes',
59 silly get     date: 'Sat, 09 Jul 2016 18:36:54 GMT',
59 silly get     via: '1.1 varnish',
59 silly get     age: '0',
59 silly get     connection: 'keep-alive',
59 silly get     'x-served-by': 'cache-sea1922-SEA',
59 silly get     'x-cache': 'MISS',
59 silly get     'x-cache-hits': '0',
59 silly get     'x-timer': 'S1468089414.059115,VS0,VE175',
59 silly get     vary: 'Accept-Encoding' } ]
60 verbose stack Error: Registry returned 404 for GET on https://registry.npmjs.org/node-neuroskyclear
60 verbose stack     at makeError (/usr/local/lib/node_modules/npm/node_modules/npm-registry-client/lib/request.js:264:12)
60 verbose stack     at CachingRegistryClient.<anonymous> (/usr/local/lib/node_modules/npm/node_modules/npm-registry-client/lib/request.js:242:14)
60 verbose stack     at Request._callback (/usr/local/lib/node_modules/npm/node_modules/npm-registry-client/lib/request.js:172:14)
60 verbose stack     at Request.self.callback (/usr/local/lib/node_modules/npm/node_modules/request/request.js:199:22)
60 verbose stack     at emitTwo (events.js:87:13)
60 verbose stack     at Request.emit (events.js:172:7)
60 verbose stack     at Request.<anonymous> (/usr/local/lib/node_modules/npm/node_modules/request/request.js:1036:10)
60 verbose stack     at emitOne (events.js:82:20)
60 verbose stack     at Request.emit (events.js:169:7)
60 verbose stack     at IncomingMessage.<anonymous> (/usr/local/lib/node_modules/npm/node_modules/request/request.js:963:12)
61 verbose statusCode 404
62 verbose pkgid node-neuroskyclear
63 verbose cwd /Users/KevinYang/Desktop/greylock/node-express-mongoose
64 error Darwin 15.5.0
65 error argv "/usr/local/bin/node" "/usr/local/bin/npm" "install" "node-neuroskyclear"
66 error node v4.4.3
67 error npm  v2.15.1
68 error code E404
69 error 404 Registry returned 404 for GET on https://registry.npmjs.org/node-neuroskyclear
69 error 404
69 error 404 'node-neuroskyclear' is not in the npm registry.
69 error 404 You should bug the author to publish it (or use the name yourself!)
69 error 404 It was specified as a dependency of 'node-express-mongoose'
69 error 404
69 error 404 Note that you can also install from a
69 error 404 tarball, folder, http url, or git url.
70 verbose exit [ 1, true ]
